C:\USERS\MAROUANE\DESKTOP\2013 STAGE UQTR\TRAVAIL\CODE SOURCE\PROJET\ZLPROJET\WIN32\DEBUG\ZLPROJET.EXE
C:\USERS\MAROUANE\DESKTOP\2013 STAGE UQTR\TRAVAIL\CODE SOURCE\PROJET\ZLPROJET\WIN32\DEBUG\ZLPROJET.ILK
C:\USERS\MAROUANE\DESKTOP\2013 STAGE UQTR\TRAVAIL\CODE SOURCE\PROJET\ZLPROJET\WIN32\DEBUG\ZLPROJET.PDB
C:\USERS\MAROUANE\DESKTOP\2013 STAGE UQTR\TRAVAIL\CODE SOURCE\PROJET\ZLPROJET\ZLPROJET\DEBUG\APROPOS.OBJ
C:\Users\Marouane\Desktop\2013 stage uqtr\travail\code source\Projet\zLProjet\zLProjet\Debug\cl.command.1.tlog
C:\Users\Marouane\Desktop\2013 stage uqtr\travail\code source\Projet\zLProjet\zLProjet\Debug\CL.read.1.tlog
C:\Users\Marouane\Desktop\2013 stage uqtr\travail\code source\Projet\zLProjet\zLProjet\Debug\CL.write.1.tlog
C:\Users\Marouane\Desktop\2013 stage uqtr\travail\code source\Projet\zLProjet\zLProjet\Debug\custombuild.command.1.tlog
C:\Users\Marouane\Desktop\2013 stage uqtr\travail\code source\Projet\zLProjet\zLProjet\Debug\custombuild.read.1.tlog
C:\Users\Marouane\Desktop\2013 stage uqtr\travail\code source\Projet\zLProjet\zLProjet\Debug\custombuild.write.1.tlog
C:\Users\Marouane\Desktop\2013 stage uqtr\travail\code source\Projet\zLProjet\zLProjet\Debug\link.command.1.tlog
C:\Users\Marouane\Desktop\2013 stage uqtr\travail\code source\Projet\zLProjet\zLProjet\Debug\link.read.1.tlog
C:\Users\Marouane\Desktop\2013 stage uqtr\travail\code source\Projet\zLProjet\zLProjet\Debug\link.write.1.tlog
C:\USERS\MAROUANE\DESKTOP\2013 STAGE UQTR\TRAVAIL\CODE SOURCE\PROJET\ZLPROJET\ZLPROJET\DEBUG\MAIN.OBJ
C:\USERS\MAROUANE\DESKTOP\2013 STAGE UQTR\TRAVAIL\CODE SOURCE\PROJET\ZLPROJET\ZLPROJET\DEBUG\MOC_APROPOS.OBJ
C:\USERS\MAROUANE\DESKTOP\2013 STAGE UQTR\TRAVAIL\CODE SOURCE\PROJET\ZLPROJET\ZLPROJET\DEBUG\MOC_ZLPROJET.OBJ
C:\Users\Marouane\Desktop\2013 stage uqtr\travail\code source\Projet\zLProjet\zLProjet\Debug\mt.command.1.tlog
C:\Users\Marouane\Desktop\2013 stage uqtr\travail\code source\Projet\zLProjet\zLProjet\Debug\mt.read.1.tlog
C:\Users\Marouane\Desktop\2013 stage uqtr\travail\code source\Projet\zLProjet\zLProjet\Debug\mt.write.1.tlog
C:\USERS\MAROUANE\DESKTOP\2013 STAGE UQTR\TRAVAIL\CODE SOURCE\PROJET\ZLPROJET\ZLPROJET\DEBUG\QRC_ZLPROJET.OBJ
C:\USERS\MAROUANE\DESKTOP\2013 STAGE UQTR\TRAVAIL\CODE SOURCE\PROJET\ZLPROJET\ZLPROJET\DEBUG\TIMAGE.OBJ
C:\USERS\MAROUANE\DESKTOP\2013 STAGE UQTR\TRAVAIL\CODE SOURCE\PROJET\ZLPROJET\ZLPROJET\DEBUG\VC100.PDB
C:\USERS\MAROUANE\DESKTOP\2013 STAGE UQTR\TRAVAIL\CODE SOURCE\PROJET\ZLPROJET\ZLPROJET\DEBUG\ZLPROJET.EXE.INTERMEDIATE.MANIFEST
C:\USERS\MAROUANE\DESKTOP\2013 STAGE UQTR\TRAVAIL\CODE SOURCE\PROJET\ZLPROJET\ZLPROJET\DEBUG\ZLPROJET.OBJ
C:\Users\Marouane\Desktop\2013 stage uqtr\travail\code source\Projet\zLProjet\zLProjet\Debug\zLProjet.vcxprojResolveAssemblyReference.cache
C:\Users\Marouane\Desktop\2013 stage uqtr\travail\code source\Projet\zLProjet\zLProjet\Debug\zLProjet.write.1.tlog
C:\USERS\MAROUANE\DESKTOP\2013 STAGE UQTR\TRAVAIL\CODE SOURCE\PROJET\ZLPROJET\ZLPROJET\GENERATEDFILES\DEBUG\MOC_APROPOS.CPP
C:\USERS\MAROUANE\DESKTOP\2013 STAGE UQTR\TRAVAIL\CODE SOURCE\PROJET\ZLPROJET\ZLPROJET\GENERATEDFILES\DEBUG\MOC_ZLPROJET.CPP
C:\USERS\MAROUANE\DESKTOP\2013 STAGE UQTR\TRAVAIL\CODE SOURCE\PROJET\ZLPROJET\ZLPROJET\GENERATEDFILES\QRC_ZLPROJET.CPP
C:\USERS\MAROUANE\DESKTOP\2013 STAGE UQTR\TRAVAIL\CODE SOURCE\PROJET\ZLPROJET\ZLPROJET\GENERATEDFILES\UI_APROPOS.H
C:\USERS\MAROUANE\DESKTOP\2013 STAGE UQTR\TRAVAIL\CODE SOURCE\PROJET\ZLPROJET\ZLPROJET\GENERATEDFILES\UI_ZLPROJET.H
