Build started 21/08/2013 9:22:08 AM.
     1>Project "C:\Users\Marouane\Desktop\2013 stage uqtr\travail\code source\Projet\zLProjet\zLProjet\zLProjet.vcxproj" on node 2 (rebuild target(s)).
     1>_PrepareForClean:
         Deleting file "Debug\zLProjet.lastbuildstate".
       InitializeBuildStatus:
         Creating "Debug\zLProjet.unsuccessfulbuild" because "AlwaysCreate" was specified.
       CustomBuild:
         Moc'ing zlprojet.h...
         Uic'ing zlprojet.ui...
         Moc'ing apropos.h...
         Rcc'ing zlprojet.qrc...
     1>RCC : warning : No resources in 'C:\Users\Marouane\Desktop\2013 stage uqtr\travail\code source\Projet\zLProjet\zLProjet\zlprojet.qrc'.
         
         Uic'ing apropos.ui...
       ClCompile:
         c:\Program Files (x86)\Microsoft Visual Studio 10.0\VC\bin\CL.exe /c /IC:\opencv\build\include /I.\GeneratedFiles /I. /IC:\Qt\Qt5.1.0\5.1.0\msvc2010\include /I.\GeneratedFiles\Debug /IC:\Qt\Qt5.1.0\5.1.0\msvc2010\include\QtCore /IC:\Qt\Qt5.1.0\5.1.0\msvc2010\include\QtGui /IC:\Qt\Qt5.1.0\5.1.0\msvc2010\include\QtWidgets /Zi /nologo /W1 /WX- /Od /Oy- /D UNICODE /D WIN32 /D WIN64 /D QT_DLL /D QT_CORE_LIB /D QT_GUI_LIB /D QT_WIDGETS_LIB /Gm- /EHsc /MDd /GS /fp:precise /Zc:wchar_t- /Zc:forScope /Fo"Debug\\" /Fd"Debug\vc100.pdb" /Gd /TP /analyze- /errorReport:prompt apropos.cpp GeneratedFiles\Debug\moc_apropos.cpp GeneratedFiles\Debug\moc_zlprojet.cpp main.cpp tImage.cpp zlprojet.cpp
         apropos.cpp
         moc_apropos.cpp
         moc_zlprojet.cpp
         main.cpp
         tImage.cpp
         zlprojet.cpp
         Generating Code...
         c:\Program Files (x86)\Microsoft Visual Studio 10.0\VC\bin\CL.exe /c /IC:\opencv\build\include /I.\GeneratedFiles /I. /IC:\Qt\Qt5.1.0\5.1.0\msvc2010\include /I.\GeneratedFiles\Debug /IC:\Qt\Qt5.1.0\5.1.0\msvc2010\include\QtCore /IC:\Qt\Qt5.1.0\5.1.0\msvc2010\include\QtGui /IC:\Qt\Qt5.1.0\5.1.0\msvc2010\include\QtWidgets /Zi /nologo /W1 /WX- /Od /Oy- /D UNICODE /D WIN32 /D WIN64 /D QT_DLL /D QT_CORE_LIB /D QT_GUI_LIB /D QT_WIDGETS_LIB /Gm- /EHsc /MDd /GS /fp:precise /Zc:wchar_t- /Zc:forScope /Fo"Debug\\" /Fd"Debug\vc100.pdb" /Gd /TP /analyze- /errorReport:prompt GeneratedFiles\qrc_zlprojet.cpp
         qrc_zlprojet.cpp
       Link:
         c:\Program Files (x86)\Microsoft Visual Studio 10.0\VC\bin\link.exe /ERRORREPORT:PROMPT /OUT:"C:\Users\Marouane\Desktop\2013 stage uqtr\travail\code source\Projet\zLProjet\Win32\Debug\zLProjet.exe" /NOLOGO /LIBPATH:C:\opencv\build\x86\vc11\lib /LIBPATH:C:\Qt\Qt5.1.0\5.1.0\msvc2010\lib qtmaind.lib Qt5Cored.lib Qt5Guid.lib Qt5Widgetsd.lib C:\opencv\build\x86\vc11\lib\opencv_core246d.lib C:\opencv\build\x86\vc11\lib\opencv_imgproc246d.lib C:\opencv\build\x86\vc11\lib\opencv_highgui246d.lib C:\opencv\build\x86\vc11\lib\opencv_ml246d.lib C:\opencv\build\x86\vc11\lib\opencv_video246d.lib C:\opencv\build\x86\vc11\lib\opencv_features2d246d.lib C:\opencv\build\x86\vc11\lib\opencv_calib3d246d.lib C:\opencv\build\x86\vc11\lib\opencv_objdetect246d.lib C:\opencv\build\x86\vc11\lib\opencv_contrib246d.lib C:\opencv\build\x86\vc11\lib\opencv_legacy246d.lib C:\opencv\build\x86\vc11\lib\opencv_flann246d.lib kernel32.lib user32.lib gdi32.lib winspool.lib comdlg32.lib advapi32.lib shell32.lib ole32.lib oleaut32.lib uuid.lib odbc32.lib odbccp32.lib /MANIFEST /ManifestFile:"Debug\zLProjet.exe.intermediate.manifest" /MANIFESTUAC:"level='asInvoker' uiAccess='false'" /DEBUG /PDB:"C:\Users\Marouane\Desktop\2013 stage uqtr\travail\code source\Projet\zLProjet\Win32\Debug\zLProjet.pdb" /SUBSYSTEM:WINDOWS /TLBID:1 /DYNAMICBASE /NXCOMPAT /IMPLIB:"C:\Users\Marouane\Desktop\2013 stage uqtr\travail\code source\Projet\zLProjet\Win32\Debug\zLProjet.lib" /MACHINE:X86 Debug\apropos.obj
         Debug\moc_apropos.obj
         Debug\moc_zlprojet.obj
         Debug\qrc_zlprojet.obj
         Debug\main.obj
         Debug\tImage.obj
         Debug\zlprojet.obj
         zLProjet.vcxproj -> C:\Users\Marouane\Desktop\2013 stage uqtr\travail\code source\Projet\zLProjet\Win32\Debug\zLProjet.exe
       Manifest:
         c:\Program Files (x86)\Microsoft SDKs\Windows\v7.0A\bin\mt.exe /nologo /verbose /outputresource:"C:\Users\Marouane\Desktop\2013 stage uqtr\travail\code source\Projet\zLProjet\Win32\Debug\zLProjet.exe;#1" /manifest Debug\zLProjet.exe.intermediate.manifest
       FinalizeBuildStatus:
         Deleting file "Debug\zLProjet.unsuccessfulbuild".
         Touching "Debug\zLProjet.lastbuildstate".
     1>Done Building Project "C:\Users\Marouane\Desktop\2013 stage uqtr\travail\code source\Projet\zLProjet\zLProjet\zLProjet.vcxproj" (rebuild target(s)).

Build succeeded.

Time Elapsed 00:00:20.48
