Build started 21/08/2013 10:33:25 AM.
     1>Project "C:\Users\Marouane\Desktop\2013 stage uqtr\travail\code source\Projet\zLProjet\zLProjet\zLProjet.vcxproj" on node 2 (rebuild target(s)).
     1>_PrepareForClean:
         Deleting file "Release\zLProjet.lastbuildstate".
       InitializeBuildStatus:
         Creating "Release\zLProjet.unsuccessfulbuild" because "AlwaysCreate" was specified.
       CustomBuild:
         Moc'ing zlprojet.h...
         Uic'ing zlprojet.ui...
         Moc'ing apropos.h...
         Rcc'ing zlprojet.qrc...
     1>RCC : warning : No resources in 'C:\Users\Marouane\Desktop\2013 stage uqtr\travail\code source\Projet\zLProjet\zLProjet\zlprojet.qrc'.
         
         Uic'ing apropos.ui...
       ClCompile:
         c:\Program Files (x86)\Microsoft Visual Studio 10.0\VC\bin\CL.exe /c /IC:\opencv\build\include /I.\GeneratedFiles /I. /IC:\Qt\Qt5.1.0\5.1.0\msvc2010\include /I.\GeneratedFiles\Release /IC:\Qt\Qt5.1.0\5.1.0\msvc2010\include\QtCore /IC:\Qt\Qt5.1.0\5.1.0\msvc2010\include\QtGui /IC:\Qt\Qt5.1.0\5.1.0\msvc2010\include\QtWidgets /nologo /W1 /WX- /O2 /Oy- /D UNICODE /D WIN32 /D WIN64 /D QT_DLL /D QT_NO_DEBUG /D NDEBUG /D QT_CORE_LIB /D QT_GUI_LIB /D QT_WIDGETS_LIB /Gm- /EHsc /MD /GS /fp:precise /Zc:wchar_t- /Zc:forScope /Fo"Release\\" /Fd"Release\vc100.pdb" /Gd /TP /analyze- /errorReport:prompt apropos.cpp GeneratedFiles\Release\moc_apropos.cpp GeneratedFiles\Release\moc_zlprojet.cpp main.cpp tImage.cpp zlprojet.cpp /D WINVER=0x05010300 
         apropos.cpp
         moc_apropos.cpp
         moc_zlprojet.cpp
         main.cpp
         tImage.cpp
         zlprojet.cpp
         Generating Code...
         c:\Program Files (x86)\Microsoft Visual Studio 10.0\VC\bin\CL.exe /c /IC:\opencv\build\include /I.\GeneratedFiles /I. /IC:\Qt\Qt5.1.0\5.1.0\msvc2010\include /I.\GeneratedFiles\Release /IC:\Qt\Qt5.1.0\5.1.0\msvc2010\include\QtCore /IC:\Qt\Qt5.1.0\5.1.0\msvc2010\include\QtGui /IC:\Qt\Qt5.1.0\5.1.0\msvc2010\include\QtWidgets /nologo /W1 /WX- /O2 /Oy- /D UNICODE /D WIN32 /D WIN64 /D QT_DLL /D QT_NO_DEBUG /D NDEBUG /D QT_CORE_LIB /D QT_GUI_LIB /D QT_WIDGETS_LIB /Gm- /EHsc /MD /GS /fp:precise /Zc:wchar_t- /Zc:forScope /Fo"Release\\" /Fd"Release\vc100.pdb" /Gd /TP /analyze- /errorReport:prompt GeneratedFiles\qrc_zlprojet.cpp /D WINVER=0x05010300 
         qrc_zlprojet.cpp
       Link:
         c:\Program Files (x86)\Microsoft Visual Studio 10.0\VC\bin\link.exe /ERRORREPORT:PROMPT /OUT:"C:\Users\Marouane\Desktop\2013 stage uqtr\travail\code source\Projet\zLProjet\Win32\Release\zLProjet.exe" /NOLOGO /LIBPATH:C:\opencv\build\x86\vc10\lib /LIBPATH:C:\Qt\Qt5.1.0\5.1.0\msvc2010\lib qtmain.lib Qt5Core.lib Qt5Gui.lib Qt5Widgets.lib C:\opencv\build\x86\vc10\lib\opencv_core246.lib C:\opencv\build\x86\vc10\lib\opencv_imgproc246.lib C:\opencv\build\x86\vc10\lib\opencv_highgui246.lib C:\opencv\build\x86\vc10\lib\opencv_ml246.lib C:\opencv\build\x86\vc10\lib\opencv_video246.lib C:\opencv\build\x86\vc10\lib\opencv_features2d246.lib C:\opencv\build\x86\vc10\lib\opencv_calib3d246.lib C:\opencv\build\x86\vc10\lib\opencv_objdetect246.lib C:\opencv\build\x86\vc10\lib\opencv_contrib246.lib C:\opencv\build\x86\vc10\lib\opencv_legacy246.lib C:\opencv\build\x86\vc10\lib\opencv_flann246.lib kernel32.lib user32.lib gdi32.lib winspool.lib comdlg32.lib advapi32.lib shell32.lib ole32.lib oleaut32.lib uuid.lib odbc32.lib odbccp32.lib /MANIFEST /ManifestFile:"Release\zLProjet.exe.intermediate.manifest" /MANIFESTUAC:"level='asInvoker' uiAccess='false'" /PDB:"C:\Users\Marouane\Desktop\2013 stage uqtr\travail\code source\Projet\zLProjet\Win32\Release\zLProjet.pdb" /SUBSYSTEM:WINDOWS /TLBID:1 /DYNAMICBASE /NXCOMPAT /IMPLIB:"C:\Users\Marouane\Desktop\2013 stage uqtr\travail\code source\Projet\zLProjet\Win32\Release\zLProjet.lib" /MACHINE:X86 Release\apropos.obj
         Release\qrc_zlprojet.obj
         Release\moc_apropos.obj
         Release\moc_zlprojet.obj
         Release\main.obj
         Release\tImage.obj
         Release\zlprojet.obj
         zLProjet.vcxproj -> C:\Users\Marouane\Desktop\2013 stage uqtr\travail\code source\Projet\zLProjet\Win32\Release\zLProjet.exe
       Manifest:
         c:\Program Files (x86)\Microsoft SDKs\Windows\v7.0A\bin\mt.exe /nologo /verbose /outputresource:"C:\Users\Marouane\Desktop\2013 stage uqtr\travail\code source\Projet\zLProjet\Win32\Release\zLProjet.exe;#1" /manifest Release\zLProjet.exe.intermediate.manifest
       FinalizeBuildStatus:
         Deleting file "Release\zLProjet.unsuccessfulbuild".
         Touching "Release\zLProjet.lastbuildstate".
     1>Done Building Project "C:\Users\Marouane\Desktop\2013 stage uqtr\travail\code source\Projet\zLProjet\zLProjet\zLProjet.vcxproj" (rebuild target(s)).

Build succeeded.

Time Elapsed 00:00:56.80
