C:\USERS\MAROUANE\DESKTOP\2013 STAGE UQTR\TRAVAIL\CODE SOURCE\PROJET\ZLPROJET\WIN32\RELEASE\ZLPROJET.EXE
C:\USERS\MAROUANE\DESKTOP\2013 STAGE UQTR\TRAVAIL\CODE SOURCE\PROJET\ZLPROJET\ZLPROJET\GENERATEDFILES\QRC_ZLPROJET.CPP
C:\USERS\MAROUANE\DESKTOP\2013 STAGE UQTR\TRAVAIL\CODE SOURCE\PROJET\ZLPROJET\ZLPROJET\GENERATEDFILES\RELEASE\MOC_APROPOS.CPP
C:\USERS\MAROUANE\DESKTOP\2013 STAGE UQTR\TRAVAIL\CODE SOURCE\PROJET\ZLPROJET\ZLPROJET\GENERATEDFILES\RELEASE\MOC_ZLPROJET.CPP
C:\USERS\MAROUANE\DESKTOP\2013 STAGE UQTR\TRAVAIL\CODE SOURCE\PROJET\ZLPROJET\ZLPROJET\GENERATEDFILES\UI_APROPOS.H
C:\USERS\MAROUANE\DESKTOP\2013 STAGE UQTR\TRAVAIL\CODE SOURCE\PROJET\ZLPROJET\ZLPROJET\GENERATEDFILES\UI_ZLPROJET.H
C:\USERS\MAROUANE\DESKTOP\2013 STAGE UQTR\TRAVAIL\CODE SOURCE\PROJET\ZLPROJET\ZLPROJET\RELEASE\APROPOS.OBJ
C:\Users\Marouane\Desktop\2013 stage uqtr\travail\code source\Projet\zLProjet\zLProjet\Release\cl.command.1.tlog
C:\Users\Marouane\Desktop\2013 stage uqtr\travail\code source\Projet\zLProjet\zLProjet\Release\CL.read.1.tlog
C:\Users\Marouane\Desktop\2013 stage uqtr\travail\code source\Projet\zLProjet\zLProjet\Release\CL.write.1.tlog
C:\Users\Marouane\Desktop\2013 stage uqtr\travail\code source\Projet\zLProjet\zLProjet\Release\custombuild.command.1.tlog
C:\Users\Marouane\Desktop\2013 stage uqtr\travail\code source\Projet\zLProjet\zLProjet\Release\custombuild.read.1.tlog
C:\Users\Marouane\Desktop\2013 stage uqtr\travail\code source\Projet\zLProjet\zLProjet\Release\custombuild.write.1.tlog
C:\Users\Marouane\Desktop\2013 stage uqtr\travail\code source\Projet\zLProjet\zLProjet\Release\link.command.1.tlog
C:\Users\Marouane\Desktop\2013 stage uqtr\travail\code source\Projet\zLProjet\zLProjet\Release\link.read.1.tlog
C:\Users\Marouane\Desktop\2013 stage uqtr\travail\code source\Projet\zLProjet\zLProjet\Release\link.write.1.tlog
C:\USERS\MAROUANE\DESKTOP\2013 STAGE UQTR\TRAVAIL\CODE SOURCE\PROJET\ZLPROJET\ZLPROJET\RELEASE\MAIN.OBJ
C:\USERS\MAROUANE\DESKTOP\2013 STAGE UQTR\TRAVAIL\CODE SOURCE\PROJET\ZLPROJET\ZLPROJET\RELEASE\MOC_APROPOS.OBJ
C:\USERS\MAROUANE\DESKTOP\2013 STAGE UQTR\TRAVAIL\CODE SOURCE\PROJET\ZLPROJET\ZLPROJET\RELEASE\MOC_ZLPROJET.OBJ
C:\Users\Marouane\Desktop\2013 stage uqtr\travail\code source\Projet\zLProjet\zLProjet\Release\mt.command.1.tlog
C:\Users\Marouane\Desktop\2013 stage uqtr\travail\code source\Projet\zLProjet\zLProjet\Release\mt.read.1.tlog
C:\Users\Marouane\Desktop\2013 stage uqtr\travail\code source\Projet\zLProjet\zLProjet\Release\mt.write.1.tlog
C:\USERS\MAROUANE\DESKTOP\2013 STAGE UQTR\TRAVAIL\CODE SOURCE\PROJET\ZLPROJET\ZLPROJET\RELEASE\QRC_ZLPROJET.OBJ
C:\USERS\MAROUANE\DESKTOP\2013 STAGE UQTR\TRAVAIL\CODE SOURCE\PROJET\ZLPROJET\ZLPROJET\RELEASE\TIMAGE.OBJ
C:\USERS\MAROUANE\DESKTOP\2013 STAGE UQTR\TRAVAIL\CODE SOURCE\PROJET\ZLPROJET\ZLPROJET\RELEASE\ZLPROJET.EXE.INTERMEDIATE.MANIFEST
C:\USERS\MAROUANE\DESKTOP\2013 STAGE UQTR\TRAVAIL\CODE SOURCE\PROJET\ZLPROJET\ZLPROJET\RELEASE\ZLPROJET.OBJ
C:\Users\Marouane\Desktop\2013 stage uqtr\travail\code source\Projet\zLProjet\zLProjet\Release\zLProjet.vcxprojResolveAssemblyReference.cache
C:\Users\Marouane\Desktop\2013 stage uqtr\travail\code source\Projet\zLProjet\zLProjet\Release\zLProjet.write.1.tlog
